Arguments: 
  /usr/local/bin/node /usr/local/bin/yarn

PATH: 
  /usr/local/opt/php@8.0/sbin:/usr/local/opt/php@8.0/bin:/usr/local/opt/php@7.4/sbin:/usr/local/opt/php@7.4/bin:/usr/local/opt/php@8.0/sbin:/usr/local/opt/php@8.0/bin:/usr/local/opt/php@7.4/sbin:/usr/local/opt/php@7.4/bin:/usr/local/opt/php@8.0/sbin:/usr/local/opt/php@8.0/bin:/usr/local/opt/php@7.4/sbin:/usr/local/opt/php@7.4/bin:/usr/local/opt/php@8.0/sbin:/usr/local/opt/php@8.0/bin:/usr/local/opt/php@7.4/sbin:/usr/local/opt/php@7.4/bin:/usr/local/opt/php@8.0/sbin:/usr/local/opt/php@8.0/bin:/usr/local/opt/php@7.2/sbin:/usr/local/opt/php@7.2/bin:/opt/local/bin:/opt/local/sbin:/usr/local/bin:/usr/bin:/bin:/usr/sbin:/sbin:/usr/local/go/bin:/Users/damilareshobowale/.cargo/bin

Yarn version: 
  1.22.11

Node version: 
  14.17.4

Platform: 
  darwin x64

Trace: 
  Error: Client network socket disconnected before secure TLS connection was established
      at connResetException (internal/errors.js:628:14)
      at TLSSocket.onConnectEnd (_tls_wrap.js:1561:19)
      at TLSSocket.emit (events.js:412:35)
      at endReadableNT (internal/streams/readable.js:1317:12)
      at processTicksAndRejections (internal/process/task_queues.js:82:21)

npm manifest: 
  {
    "name": "underscores",
    "version": "1.0.0",
    "description": "Hi. I'm a starter theme called _s, or underscores, if you like. I'm a theme meant for hacking so don't use me as a Parent Theme. Instead try turning me into the next, most awesome, WordPress theme out there. That's what I'm here for.",
    "author": "Automattic Theme Team",
    "license": "GPL-2.0-or-later",
    "keywords": [
      "WordPress",
      "Theme"
    ],
    "homepage": "https://github.com/Automattic/_s#readme",
    "repository": {
      "type": "git",
      "url": "git+https://github.com/Automattic/_s.git"
    },
    "bugs": {
      "url": "https://github.com/Automattic/_s/issues"
    },
    "devDependencies": {
      "@wordpress/scripts": "^19.2.2",
      "cross-env": "^7.0.3",
      "cssnano": "^4.1.10",
      "dir-archiver": "^1.1.1",
      "laravel-mix": "^6.0.43",
      "node-sass": "^7.0.1",
      "postcss": "^8.4.12",
      "postcss-cli": "^9.1.0",
      "rtlcss": "^3.5.0",
      "sass": "^1.49.9",
      "sass-loader": "^12.1.0"
    },
    "rtlcssConfig": {
      "options": {
        "blacklist": {},
        "processUrls": false,
        "stringMap": []
      },
      "plugins": [],
      "map": false
    },
    "scripts": {
      "dev": "npm run development && npm run minify-css",
      "development": "cross-env NODE_ENV=development node_modules/webpack/bin/webpack.js --progress --config=node_modules/laravel-mix/setup/webpack.config.js",
      "mix-watch": "npm run development -- --watch",
      "hot": "cross-env NODE_ENV=development node_modules/webpack-dev-server/bin/webpack-dev-server.js --inline --hot --config=node_modules/laravel-mix/setup/webpack.config.js",
      "prod": "npm run production",
      "production": "cross-env NODE_ENV=production node_modules/webpack/bin/webpack.js --no-progress  --config=node_modules/laravel-mix/setup/webpack.config.js",
      "minify-css": "postcss ./style.css > ./style.min.css",
      "style-watch": "node-sass sass/ -o ./ --source-map true --output-style expanded --indent-type tab --indent-width 1 -w",
      "compile:css": "node-sass sass/ -o ./ && stylelint '*.css' --fix || true && stylelint '*.css' --fix",
      "compile:rtl": "rtlcss style.css style-rtl.css",
      "lint:scss": "wp-scripts lint-style 'sass/**/*.scss'",
      "lint:js": "wp-scripts lint-js 'js/*.js'",
      "bundle": "dir-archiver --src . --dest ../_s.zip --exclude .DS_Store .stylelintrc.json .eslintrc .git .gitattributes .github .gitignore README.md composer.json composer.lock node_modules vendor package-lock.json package.json .travis.yml phpcs.xml.dist sass style.css.map yarn.lock"
    },
    "dependencies": {
      "postcss-import": "^14.1.0",
      "tailwindcss": "^3.0.23"
    }
  }

yarn manifest: 
  No manifest

Lockfile: 
  No lockfile
